{
"/Users/scott.prue/Dev/Code/FireAdmin/src/fireadmin.js":{"path":"/Users/scott.prue/Dev/Code/FireAdmin/src/fireadmin.js","s":{"1":1,"2":1,"3":1,"4":1,"5":23,"6":23,"7":23,"8":23,"9":21,"10":23,"11":1,"12":1,"13":1,"14":1,"15":0,"16":1,"17":1,"18":4,"19":1,"20":1,"21":0,"22":1,"23":1,"24":1,"25":1,"26":1,"27":1,"28":1,"29":1,"30":1,"31":1,"32":1,"33":1,"34":0,"35":0,"36":1,"37":1,"38":1,"39":1,"40":0,"41":1,"42":0,"43":0,"44":0,"45":0,"46":0,"47":0,"48":0,"49":0,"50":0,"51":0,"52":0,"53":0,"54":0,"55":0,"56":0,"57":0,"58":0,"59":0,"60":0,"61":0,"62":0,"63":0,"64":0,"65":0,"66":0,"67":0,"68":0,"69":0,"70":0,"71":0,"72":0,"73":0,"74":0,"75":0,"76":0,"77":0,"78":0,"79":0,"80":0,"81":0,"82":0,"83":0,"84":0,"85":0,"86":0,"87":0,"88":0,"89":0,"90":0,"91":0,"92":0,"93":0,"94":0,"95":0,"96":0,"97":0,"98":0,"99":0,"100":0,"101":0,"102":0,"103":0,"104":0,"105":0,"106":0,"107":0,"108":0,"109":0,"110":0,"111":0,"112":0,"113":0,"114":0,"115":0,"116":0,"117":0,"118":0,"119":0,"120":0,"121":0,"122":0,"123":0,"124":0,"125":0,"126":0,"127":0,"128":0,"129":0,"130":0,"131":0,"132":0,"133":0,"134":0,"135":0,"136":0,"137":0,"138":0,"139":0,"140":0,"141":0,"142":0,"143":0,"144":0,"145":0,"146":0,"147":0,"148":0,"149":0,"150":0,"151":0,"152":0,"153":0,"154":0,"155":0,"156":0,"157":0,"158":0,"159":0,"160":0,"161":0,"162":0,"163":0,"164":0,"165":0,"166":0,"167":0,"168":0,"169":0,"170":0,"171":0,"172":0,"173":0,"174":0,"175":0,"176":0,"177":0,"178":0,"179":0,"180":0,"181":0,"182":0,"183":0,"184":0,"185":0,"186":0,"187":0,"188":0,"189":1,"190":1,"191":1,"192":0,"193":0,"194":0,"195":0,"196":0,"197":0,"198":0,"199":0,"200":0,"201":0,"202":0,"203":0,"204":0,"205":0,"206":0,"207":0,"208":0,"209":0,"210":0,"211":0,"212":0,"213":0,"214":0,"215":0,"216":0,"217":0,"218":0,"219":0,"220":0,"221":0,"222":0,"223":0,"224":0,"225":0,"226":0,"227":0,"228":0,"229":0,"230":1,"231":0,"232":1,"233":1,"234":1,"235":1,"236":1,"237":0,"238":1,"239":0,"240":0,"241":0,"242":0,"243":0,"244":0,"245":0,"246":0,"247":0,"248":0,"249":0,"250":0,"251":0,"252":0,"253":0,"254":0,"255":0,"256":0,"257":0,"258":0,"259":0,"260":0,"261":1},"b":{"1":[23,23],"2":[21,2],"3":[1,0],"4":[0,1],"5":[0,4],"6":[4,4],"7":[0,1],"8":[0,1],"9":[0,1],"10":[0,0],"11":[0,0],"12":[0,0],"13":[0,0],"14":[0,0],"15":[0,0],"16":[0,0],"17":[0,0],"18":[0,0],"19":[0,0],"20":[0,0],"21":[0,0],"22":[0,0],"23":[0,0],"24":[0,0],"25":[0,0],"26":[0,0],"27":[0,0],"28":[0,0],"29":[0,0],"30":[0,0],"31":[0,0],"32":[0,0],"33":[0,0],"34":[0,0],"35":[0,0],"36":[0,0],"37":[0,0],"38":[0,0],"39":[0,0],"40":[0,0],"41":[0,0],"42":[0,0]},"f":{"1":1,"2":1,"3":1,"4":4,"5":1,"6":1,"7":1,"8":0,"9":0,"10":0,"11":0,"12":0,"13":0,"14":0,"15":0,"16":0,"17":0,"18":0,"19":0,"20":0,"21":0,"22":0,"23":0,"24":0,"25":0,"26":0,"27":0,"28":0,"29":0,"30":0,"31":0,"32":0,"33":0,"34":0,"35":0,"36":0,"37":0,"38":0,"39":0,"40":0,"41":0,"42":0,"43":0,"44":0,"45":0,"46":0,"47":0,"48":0,"49":0,"50":0,"51":0,"52":0,"53":0,"54":0,"55":0,"56":0,"57":0,"58":0,"59":0,"60":0,"61":0,"62":0,"63":0,"64":0,"65":0,"66":0,"67":0,"68":0,"69":0,"70":0,"71":0,"72":0,"73":0,"74":0,"75":0,"76":1,"77":1,"78":0,"79":0,"80":0,"81":0,"82":0,"83":0,"84":0,"85":0,"86":0,"87":1,"88":0,"89":1,"90":0,"91":0,"92":0,"93":0,"94":0,"95":0},"fnMap":{"1":{"name":"(anonymous_1)","line":5,"loc":{"start":{"line":0,"column":0},"end":{"line":0,"column":0}},"skip":true},"2":{"name":"defineProperties","line":5,"loc":{"start":{"line":0,"column":0},"end":{"line":0,"column":0}},"skip":true},"3":{"name":"(anonymous_3)","line":5,"loc":{"start":{"line":0,"column":0},"end":{"line":0,"column":0}},"skip":true},"4":{"name":"_interopRequireDefault","line":7,"loc":{"start":{"line":0,"column":0},"end":{"line":0,"column":0}},"skip":true},"5":{"name":"_classCallCheck","line":9,"loc":{"start":{"line":0,"column":0},"end":{"line":0,"column":0}},"skip":true},"6":{"name":"(anonymous_6)","line":27,"loc":{"start":{"line":6,"column":15},"end":{"line":6,"column":15}}},"7":{"name":"Fireadmin","line":32,"loc":{"start":{"line":10,"column":12},"end":{"line":10,"column":24}}},"8":{"name":"createObject","line":73,"loc":{"start":{"line":51,"column":13},"end":{"line":51,"column":29}}},"9":{"name":"(anonymous_9)","line":81,"loc":{"start":{"line":57,"column":21},"end":{"line":57,"column":42}}},"10":{"name":"(anonymous_10)","line":82,"loc":{"start":{"line":58,"column":38},"end":{"line":58,"column":47}}},"11":{"name":"listByCurrentUser","line":109,"loc":{"start":{"line":82,"column":18},"end":{"line":82,"column":29}}},"12":{"name":"(anonymous_12)","line":116,"loc":{"start":{"line":87,"column":22},"end":{"line":87,"column":43}}},"13":{"name":"(anonymous_13)","line":118,"loc":{"start":{"line":89,"column":31},"end":{"line":89,"column":45}}},"14":{"name":"(anonymous_14)","line":120,"loc":{"start":{"line":91,"column":7},"end":{"line":91,"column":16}}},"15":{"name":"listByUid","line":148,"loc":{"start":{"line":116,"column":10},"end":{"line":116,"column":26}}},"16":{"name":"(anonymous_16)","line":151,"loc":{"start":{"line":117,"column":21},"end":{"line":117,"column":42}}},"17":{"name":"(anonymous_17)","line":152,"loc":{"start":{"line":118,"column":72},"end":{"line":118,"column":86}}},"18":{"name":"(anonymous_18)","line":154,"loc":{"start":{"line":120,"column":6},"end":{"line":120,"column":15}}},"19":{"name":"getUserCount","line":171,"loc":{"start":{"line":134,"column":14},"end":{"line":134,"column":17}}},"20":{"name":"(anonymous_20)","line":174,"loc":{"start":{"line":135,"column":23},"end":{"line":135,"column":44}}},"21":{"name":"(anonymous_21)","line":175,"loc":{"start":{"line":136,"column":39},"end":{"line":136,"column":58}}},"22":{"name":"(anonymous_22)","line":177,"loc":{"start":{"line":138,"column":8},"end":{"line":138,"column":17}}},"23":{"name":"getOnlineUserCount","line":196,"loc":{"start":{"line":154,"column":20},"end":{"line":154,"column":23}}},"24":{"name":"(anonymous_24)","line":199,"loc":{"start":{"line":155,"column":23},"end":{"line":155,"column":44}}},"25":{"name":"(anonymous_25)","line":200,"loc":{"start":{"line":156,"column":42},"end":{"line":156,"column":62}}},"26":{"name":"(anonymous_26)","line":203,"loc":{"start":{"line":159,"column":6},"end":{"line":159,"column":15}}},"27":{"name":"sessionsBetween","line":223,"loc":{"start":{"line":176,"column":17},"end":{"line":176,"column":32}}},"28":{"name":"(anonymous_28)","line":227,"loc":{"start":{"line":178,"column":21},"end":{"line":178,"column":42}}},"29":{"name":"(anonymous_29)","line":228,"loc":{"start":{"line":179,"column":92},"end":{"line":179,"column":110}}},"30":{"name":"(anonymous_30)","line":230,"loc":{"start":{"line":181,"column":6},"end":{"line":181,"column":15}}},"31":{"name":"sessionsSince","line":253,"loc":{"start":{"line":202,"column":15},"end":{"line":202,"column":22}}},"32":{"name":"(anonymous_32)","line":256,"loc":{"start":{"line":203,"column":21},"end":{"line":203,"column":42}}},"33":{"name":"(anonymous_33)","line":257,"loc":{"start":{"line":204,"column":96},"end":{"line":204,"column":114}}},"34":{"name":"(anonymous_34)","line":259,"loc":{"start":{"line":206,"column":6},"end":{"line":206,"column":15}}},"35":{"name":"averageSessionLength","line":278,"loc":{"start":{"line":222,"column":22},"end":{"line":222,"column":25}}},"36":{"name":"(anonymous_36)","line":281,"loc":{"start":{"line":223,"column":21},"end":{"line":223,"column":42}}},"37":{"name":"(anonymous_37)","line":282,"loc":{"start":{"line":224,"column":42},"end":{"line":224,"column":60}}},"38":{"name":"(anonymous_38)","line":285,"loc":{"start":{"line":227,"column":28},"end":{"line":227,"column":45}}},"39":{"name":"(anonymous_39)","line":303,"loc":{"start":{"line":245,"column":8},"end":{"line":245,"column":17}}},"40":{"name":"removeUserSessions","line":310,"loc":{"start":{"line":251,"column":20},"end":{"line":251,"column":26}}},"41":{"name":"(anonymous_41)","line":313,"loc":{"start":{"line":252,"column":21},"end":{"line":252,"column":42}}},"42":{"name":"(anonymous_42)","line":314,"loc":{"start":{"line":253,"column":76},"end":{"line":253,"column":94}}},"43":{"name":"(anonymous_43)","line":316,"loc":{"start":{"line":255,"column":28},"end":{"line":255,"column":41}}},"44":{"name":"(anonymous_44)","line":321,"loc":{"start":{"line":260,"column":8},"end":{"line":260,"column":17}}},"45":{"name":"customAuthToken","line":328,"loc":{"start":{"line":265,"column":17},"end":{"line":265,"column":23}}},"46":{"name":"(anonymous_46)","line":332,"loc":{"start":{"line":269,"column":32},"end":{"line":269,"column":41}}},"47":{"name":"(anonymous_47)","line":339,"loc":{"start":{"line":276,"column":7},"end":{"line":276,"column":16}}},"48":{"name":"userSignup","line":360,"loc":{"start":{"line":294,"column":12},"end":{"line":294,"column":25}}},"49":{"name":"(anonymous_49)","line":369,"loc":{"start":{"line":301,"column":22},"end":{"line":301,"column":43}}},"50":{"name":"(anonymous_50)","line":370,"loc":{"start":{"line":302,"column":32},"end":{"line":302,"column":43}}},"51":{"name":"(anonymous_51)","line":374,"loc":{"start":{"line":306,"column":40},"end":{"line":306,"column":54}}},"52":{"name":"(anonymous_52)","line":376,"loc":{"start":{"line":308,"column":53},"end":{"line":308,"column":70}}},"53":{"name":"(anonymous_53)","line":378,"loc":{"start":{"line":310,"column":18},"end":{"line":310,"column":27}}},"54":{"name":"(anonymous_54)","line":382,"loc":{"start":{"line":314,"column":16},"end":{"line":314,"column":25}}},"55":{"name":"(anonymous_55)","line":397,"loc":{"start":{"line":329,"column":39},"end":{"line":329,"column":48}}},"56":{"name":"(anonymous_56)","line":399,"loc":{"start":{"line":331,"column":23},"end":{"line":331,"column":44}}},"57":{"name":"(anonymous_57)","line":400,"loc":{"start":{"line":332,"column":41},"end":{"line":332,"column":60}}},"58":{"name":"(anonymous_58)","line":404,"loc":{"start":{"line":336,"column":50},"end":{"line":336,"column":67}}},"59":{"name":"(anonymous_59)","line":406,"loc":{"start":{"line":338,"column":15},"end":{"line":338,"column":24}}},"60":{"name":"(anonymous_60)","line":412,"loc":{"start":{"line":344,"column":9},"end":{"line":344,"column":18}}},"61":{"name":"(anonymous_61)","line":416,"loc":{"start":{"line":0,"column":0},"end":{"line":0,"column":0}},"skip":true},"62":{"name":"(anonymous_62)","line":421,"loc":{"start":{"line":351,"column":22},"end":{"line":351,"column":43}}},"63":{"name":"(anonymous_63)","line":422,"loc":{"start":{"line":352,"column":38},"end":{"line":352,"column":57}}},"64":{"name":"(anonymous_64)","line":427,"loc":{"start":{"line":357,"column":54},"end":{"line":357,"column":71}}},"65":{"name":"(anonymous_65)","line":429,"loc":{"start":{"line":359,"column":12},"end":{"line":359,"column":21}}},"66":{"name":"emailAuth","line":457,"loc":{"start":{"line":381,"column":11},"end":{"line":381,"column":23}}},"67":{"name":"(anonymous_67)","line":460,"loc":{"start":{"line":382,"column":21},"end":{"line":382,"column":42}}},"68":{"name":"(anonymous_68)","line":461,"loc":{"start":{"line":383,"column":40},"end":{"line":383,"column":61}}},"69":{"name":"authWithOAuthPopup","line":492,"loc":{"start":{"line":411,"column":20},"end":{"line":411,"column":31}}},"70":{"name":"(anonymous_70)","line":496,"loc":{"start":{"line":413,"column":21},"end":{"line":413,"column":42}}},"71":{"name":"(anonymous_71)","line":497,"loc":{"start":{"line":414,"column":41},"end":{"line":414,"column":62}}},"72":{"name":"newUserFromAnonyomous","line":514,"loc":{"start":{"line":430,"column":23},"end":{"line":430,"column":26}}},"73":{"name":"githubAuth","line":530,"loc":{"start":{"line":445,"column":12},"end":{"line":445,"column":15}}},"74":{"name":"googleAuth","line":548,"loc":{"start":{"line":460,"column":12},"end":{"line":460,"column":15}}},"75":{"name":"twitterAuth","line":566,"loc":{"start":{"line":475,"column":13},"end":{"line":475,"column":16}}},"76":{"name":"accountByUid","line":586,"loc":{"start":{"line":493,"column":14},"end":{"line":493,"column":20}}},"77":{"name":"(anonymous_77)","line":589,"loc":{"start":{"line":494,"column":21},"end":{"line":494,"column":42}}},"78":{"name":"(anonymous_78)","line":590,"loc":{"start":{"line":495,"column":35},"end":{"line":495,"column":52}}},"79":{"name":"(anonymous_79)","line":592,"loc":{"start":{"line":497,"column":8},"end":{"line":497,"column":17}}},"80":{"name":"accountByEmail","line":614,"loc":{"start":{"line":516,"column":16},"end":{"line":516,"column":24}}},"81":{"name":"(anonymous_81)","line":616,"loc":{"start":{"line":518,"column":86},"end":{"line":518,"column":105}}},"82":{"name":"(anonymous_82)","line":619,"loc":{"start":{"line":521,"column":9},"end":{"line":521,"column":18}}},"83":{"name":"setupPresence","line":645,"loc":{"start":{"line":544,"column":15},"end":{"line":544,"column":21}}},"84":{"name":"(anonymous_84)","line":655,"loc":{"start":{"line":552,"column":32},"end":{"line":552,"column":46}}},"85":{"name":"(anonymous_85)","line":674,"loc":{"start":{"line":571,"column":20},"end":{"line":571,"column":34}}},"86":{"name":"fbRef","line":696,"loc":{"start":{"line":590,"column":7},"end":{"line":590,"column":14}}},"87":{"name":"get","line":707,"loc":{"start":{"line":23,"column":9},"end":{"line":23,"column":12}}},"88":{"name":"get","line":712,"loc":{"start":{"line":26,"column":17},"end":{"line":26,"column":20}}},"89":{"name":"AppNameFromUrl","line":729,"loc":{"start":{"line":607,"column":1},"end":{"line":607,"column":30}}},"90":{"name":"apiRequest","line":747,"loc":{"start":{"line":625,"column":1},"end":{"line":625,"column":63}}},"91":{"name":"createUserProfile","line":781,"loc":{"start":{"line":659,"column":1},"end":{"line":659,"column":43}}},"92":{"name":"(anonymous_92)","line":792,"loc":{"start":{"line":670,"column":85},"end":{"line":670,"column":100}}},"93":{"name":"(anonymous_93)","line":795,"loc":{"start":{"line":673,"column":26},"end":{"line":673,"column":40}}},"94":{"name":"(anonymous_94)","line":799,"loc":{"start":{"line":677,"column":61},"end":{"line":677,"column":70}}},"95":{"name":"(anonymous_95)","line":818,"loc":{"start":{"line":696,"column":5},"end":{"line":696,"column":19}}}},"statementMap":{"1":{"start":{"line":0,"column":0},"end":{"line":0,"column":0},"skip":true},"2":{"start":{"line":0,"column":0},"end":{"line":0,"column":0},"skip":true},"3":{"start":{"line":0,"column":0},"end":{"line":0,"column":0},"skip":true},"4":{"start":{"line":0,"column":0},"end":{"line":0,"column":0},"skip":true},"5":{"start":{"line":0,"column":0},"end":{"line":0,"column":0},"skip":true},"6":{"start":{"line":0,"column":0},"end":{"line":0,"column":0},"skip":true},"7":{"start":{"line":0,"column":0},"end":{"line":0,"column":0},"skip":true},"8":{"start":{"line":0,"column":0},"end":{"line":0,"column":0},"skip":true},"9":{"start":{"line":0,"column":0},"end":{"line":0,"column":0},"skip":true},"10":{"start":{"line":0,"column":0},"end":{"line":0,"column":0},"skip":true},"11":{"start":{"line":0,"column":0},"end":{"line":0,"column":0},"skip":true},"12":{"start":{"line":0,"column":0},"end":{"line":0,"column":0},"skip":true},"13":{"start":{"line":0,"column":0},"end":{"line":0,"column":0},"skip":true},"14":{"start":{"line":0,"column":0},"end":{"line":0,"column":0},"skip":true},"15":{"start":{"line":0,"column":0},"end":{"line":0,"column":0},"skip":true},"16":{"start":{"line":0,"column":0},"end":{"line":0,"column":0},"skip":true},"17":{"start":{"line":0,"column":0},"end":{"line":0,"column":0},"skip":true},"18":{"start":{"line":0,"column":0},"end":{"line":0,"column":0},"skip":true},"19":{"start":{"line":0,"column":0},"end":{"line":0,"column":0},"skip":true},"20":{"start":{"line":0,"column":0},"end":{"line":0,"column":0},"skip":true},"21":{"start":{"line":0,"column":0},"end":{"line":0,"column":0},"skip":true},"22":{"start":{"line":0,"column":0},"end":{"line":0,"column":0},"skip":true},"23":{"start":{"line":0,"column":0},"end":{"line":0,"column":0},"skip":true},"24":{"start":{"line":0,"column":0},"end":{"line":0,"column":0},"skip":true},"25":{"start":{"line":0,"column":0},"end":{"line":0,"column":0},"skip":true},"26":{"start":{"line":0,"column":0},"end":{"line":0,"column":0},"skip":true},"27":{"start":{"line":0,"column":0},"end":{"line":0,"column":0},"skip":true},"28":{"start":{"line":0,"column":0},"end":{"line":0,"column":0},"skip":true},"29":{"start":{"line":0,"column":0},"end":{"line":0,"column":0},"skip":true},"30":{"start":{"line":0,"column":0},"end":{"line":0,"column":0},"skip":true},"31":{"start":{"line":10,"column":12},"end":{"line":22,"column":2}},"32":{"start":{"line":0,"column":0},"end":{"line":0,"column":0},"skip":true},"33":{"start":{"line":11,"column":2},"end":{"line":18,"column":3}},"34":{"start":{"line":12,"column":3},"end":{"line":12,"column":117}},"35":{"start":{"line":13,"column":3},"end":{"line":13,"column":68}},"36":{"start":{"line":15,"column":3},"end":{"line":15,"column":32}},"37":{"start":{"line":16,"column":3},"end":{"line":16,"column":20}},"38":{"start":{"line":17,"column":3},"end":{"line":17,"column":38}},"39":{"start":{"line":19,"column":2},"end":{"line":21,"column":3}},"40":{"start":{"line":20,"column":3},"end":{"line":20,"column":23}},"41":{"start":{"line":0,"column":0},"end":{"line":0,"column":0},"skip":true},"42":{"start":{"line":0,"column":0},"end":{"line":0,"column":0},"skip":true},"43":{"start":{"line":52,"column":4},"end":{"line":52,"column":34}},"44":{"start":{"line":53,"column":4},"end":{"line":55,"column":5}},"45":{"start":{"line":54,"column":6},"end":{"line":54,"column":28}},"46":{"start":{"line":56,"column":4},"end":{"line":56,"column":31}},"47":{"start":{"line":57,"column":2},"end":{"line":65,"column":5}},"48":{"start":{"line":58,"column":3},"end":{"line":64,"column":8}},"49":{"start":{"line":59,"column":7},"end":{"line":63,"column":8}},"50":{"start":{"line":60,"column":5},"end":{"line":60,"column":25}},"51":{"start":{"line":62,"column":5},"end":{"line":62,"column":24}},"52":{"start":{"line":0,"column":0},"end":{"line":0,"column":0},"skip":true},"53":{"start":{"line":83,"column":2},"end":{"line":85,"column":3}},"54":{"start":{"line":84,"column":3},"end":{"line":84,"column":74}},"55":{"start":{"line":86,"column":4},"end":{"line":99,"column":5}},"56":{"start":{"line":87,"column":3},"end":{"line":94,"column":6}},"57":{"start":{"line":88,"column":4},"end":{"line":88,"column":91}},"58":{"start":{"line":89,"column":4},"end":{"line":93,"column":7}},"59":{"start":{"line":90,"column":5},"end":{"line":90,"column":36}},"60":{"start":{"line":92,"column":5},"end":{"line":92,"column":24}},"61":{"start":{"line":96,"column":6},"end":{"line":96,"column":109}},"62":{"start":{"line":97,"column":6},"end":{"line":97,"column":34}},"63":{"start":{"line":98,"column":3},"end":{"line":98,"column":32}},"64":{"start":{"line":0,"column":0},"end":{"line":0,"column":0},"skip":true},"65":{"start":{"line":117,"column":2},"end":{"line":123,"column":5}},"66":{"start":{"line":118,"column":3},"end":{"line":122,"column":6}},"67":{"start":{"line":119,"column":4},"end":{"line":119,"column":35}},"68":{"start":{"line":121,"column":4},"end":{"line":121,"column":23}},"69":{"start":{"line":0,"column":0},"end":{"line":0,"column":0},"skip":true},"70":{"start":{"line":135,"column":4},"end":{"line":142,"column":5}},"71":{"start":{"line":136,"column":3},"end":{"line":141,"column":8}},"72":{"start":{"line":137,"column":4},"end":{"line":137,"column":41}},"73":{"start":{"line":139,"column":4},"end":{"line":139,"column":101}},"74":{"start":{"line":140,"column":4},"end":{"line":140,"column":16}},"75":{"start":{"line":0,"column":0},"end":{"line":0,"column":0},"skip":true},"76":{"start":{"line":155,"column":4},"end":{"line":162,"column":5}},"77":{"start":{"line":156,"column":3},"end":{"line":161,"column":6}},"78":{"start":{"line":157,"column":4},"end":{"line":157,"column":88}},"79":{"start":{"line":158,"column":4},"end":{"line":158,"column":42}},"80":{"start":{"line":160,"column":4},"end":{"line":160,"column":16}},"81":{"start":{"line":0,"column":0},"end":{"line":0,"column":0},"skip":true},"82":{"start":{"line":177,"column":4},"end":{"line":177,"column":135}},"83":{"start":{"line":178,"column":2},"end":{"line":185,"column":5}},"84":{"start":{"line":179,"column":3},"end":{"line":184,"column":6}},"85":{"start":{"line":180,"column":4},"end":{"line":180,"column":40}},"86":{"start":{"line":182,"column":4},"end":{"line":182,"column":138}},"87":{"start":{"line":183,"column":4},"end":{"line":183,"column":49}},"88":{"start":{"line":0,"column":0},"end":{"line":0,"column":0},"skip":true},"89":{"start":{"line":203,"column":2},"end":{"line":210,"column":5}},"90":{"start":{"line":204,"column":3},"end":{"line":209,"column":6}},"91":{"start":{"line":205,"column":4},"end":{"line":205,"column":47}},"92":{"start":{"line":207,"column":4},"end":{"line":207,"column":136}},"93":{"start":{"line":208,"column":4},"end":{"line":208,"column":23}},"94":{"start":{"line":0,"column":0},"end":{"line":0,"column":0},"skip":true},"95":{"start":{"line":223,"column":2},"end":{"line":248,"column":5}},"96":{"start":{"line":224,"column":3},"end":{"line":247,"column":8}},"97":{"start":{"line":225,"column":7},"end":{"line":225,"column":30}},"98":{"start":{"line":226,"column":7},"end":{"line":226,"column":53}},"99":{"start":{"line":227,"column":7},"end":{"line":240,"column":10}},"100":{"start":{"line":228,"column":9},"end":{"line":228,"column":41}},"101":{"start":{"line":229,"column":9},"end":{"line":239,"column":10}},"102":{"start":{"line":232,"column":6},"end":{"line":232,"column":70}},"103":{"start":{"line":233,"column":11},"end":{"line":233,"column":50}},"104":{"start":{"line":234,"column":11},"end":{"line":234,"column":59}},"105":{"start":{"line":236,"column":11},"end":{"line":236,"column":73}},"106":{"start":{"line":237,"column":11},"end":{"line":237,"column":26}},"107":{"start":{"line":238,"column":11},"end":{"line":238,"column":54}},"108":{"start":{"line":241,"column":7},"end":{"line":241,"column":47}},"109":{"start":{"line":242,"column":7},"end":{"line":242,"column":60}},"110":{"start":{"line":243,"column":7},"end":{"line":243,"column":50}},"111":{"start":{"line":244,"column":4},"end":{"line":244,"column":28}},"112":{"start":{"line":246,"column":4},"end":{"line":246,"column":23}},"113":{"start":{"line":0,"column":0},"end":{"line":0,"column":0},"skip":true},"114":{"start":{"line":252,"column":2},"end":{"line":263,"column":5}},"115":{"start":{"line":253,"column":3},"end":{"line":262,"column":8}},"116":{"start":{"line":254,"column":6},"end":{"line":254,"column":52}},"117":{"start":{"line":255,"column":7},"end":{"line":257,"column":10}},"118":{"start":{"line":256,"column":9},"end":{"line":256,"column":32}},"119":{"start":{"line":258,"column":7},"end":{"line":258,"column":66}},"120":{"start":{"line":259,"column":4},"end":{"line":259,"column":21}},"121":{"start":{"line":261,"column":4},"end":{"line":261,"column":23}},"122":{"start":{"line":267,"column":4},"end":{"line":267,"column":18}},"123":{"start":{"line":268,"column":4},"end":{"line":268,"column":40}},"124":{"start":{"line":269,"column":4},"end":{"line":278,"column":7}},"125":{"start":{"line":270,"column":6},"end":{"line":275,"column":7}},"126":{"start":{"line":271,"column":8},"end":{"line":271,"column":50}},"127":{"start":{"line":272,"column":4},"end":{"line":272,"column":32}},"128":{"start":{"line":274,"column":4},"end":{"line":274,"column":50}},"129":{"start":{"line":277,"column":3},"end":{"line":277,"column":30}},"130":{"start":{"line":0,"column":0},"end":{"line":0,"column":0},"skip":true},"131":{"start":{"line":295,"column":4},"end":{"line":365,"column":5}},"132":{"start":{"line":297,"column":6},"end":{"line":299,"column":7}},"133":{"start":{"line":298,"column":8},"end":{"line":298,"column":86}},"134":{"start":{"line":301,"column":3},"end":{"line":324,"column":6}},"135":{"start":{"line":302,"column":4},"end":{"line":323,"column":10}},"136":{"start":{"line":303,"column":9},"end":{"line":322,"column":10}},"137":{"start":{"line":304,"column":11},"end":{"line":304,"column":92}},"138":{"start":{"line":306,"column":13},"end":{"line":317,"column":16}},"139":{"start":{"line":308,"column":15},"end":{"line":313,"column":18}},"140":{"start":{"line":309,"column":9},"end":{"line":309,"column":30}},"141":{"start":{"line":312,"column":9},"end":{"line":312,"column":21}},"142":{"start":{"line":316,"column":8},"end":{"line":316,"column":20}},"143":{"start":{"line":320,"column":11},"end":{"line":320,"column":77}},"144":{"start":{"line":321,"column":6},"end":{"line":321,"column":20}},"145":{"start":{"line":325,"column":11},"end":{"line":365,"column":5}},"146":{"start":{"line":329,"column":6},"end":{"line":346,"column":9}},"147":{"start":{"line":330,"column":4},"end":{"line":330,"column":53}},"148":{"start":{"line":331,"column":4},"end":{"line":343,"column":8}},"149":{"start":{"line":332,"column":5},"end":{"line":342,"column":9}},"150":{"start":{"line":333,"column":12},"end":{"line":335,"column":8}},"151":{"start":{"line":334,"column":8},"end":{"line":334,"column":27}},"152":{"start":{"line":336,"column":12},"end":{"line":341,"column":15}},"153":{"start":{"line":337,"column":8},"end":{"line":337,"column":29}},"154":{"start":{"line":340,"column":8},"end":{"line":340,"column":20}},"155":{"start":{"line":345,"column":4},"end":{"line":345,"column":31}},"156":{"start":{"line":347,"column":11},"end":{"line":365,"column":5}},"157":{"start":{"line":0,"column":0},"end":{"line":0,"column":0},"skip":true},"158":{"start":{"line":349,"column":3},"end":{"line":349,"column":80}},"159":{"start":{"line":351,"column":3},"end":{"line":364,"column":6}},"160":{"start":{"line":352,"column":4},"end":{"line":363,"column":10}},"161":{"start":{"line":353,"column":5},"end":{"line":355,"column":6}},"162":{"start":{"line":354,"column":6},"end":{"line":354,"column":25}},"163":{"start":{"line":357,"column":9},"end":{"line":362,"column":12}},"164":{"start":{"line":358,"column":6},"end":{"line":358,"column":34}},"165":{"start":{"line":361,"column":6},"end":{"line":361,"column":25}},"166":{"start":{"line":0,"column":0},"end":{"line":0,"column":0},"skip":true},"167":{"start":{"line":0,"column":0},"end":{"line":0,"column":0},"skip":true},"168":{"start":{"line":0,"column":0},"end":{"line":0,"column":0},"skip":true},"169":{"start":{"line":382,"column":2},"end":{"line":396,"column":5}},"170":{"start":{"line":383,"column":3},"end":{"line":395,"column":8}},"171":{"start":{"line":384,"column":7},"end":{"line":394,"column":8}},"172":{"start":{"line":386,"column":9},"end":{"line":386,"column":167}},"173":{"start":{"line":388,"column":9},"end":{"line":388,"column":42}},"174":{"start":{"line":390,"column":5},"end":{"line":390,"column":30}},"175":{"start":{"line":392,"column":9},"end":{"line":392,"column":59}},"176":{"start":{"line":393,"column":5},"end":{"line":393,"column":24}},"177":{"start":{"line":0,"column":0},"end":{"line":0,"column":0},"skip":true},"178":{"start":{"line":413,"column":2},"end":{"line":427,"column":5}},"179":{"start":{"line":414,"column":3},"end":{"line":426,"column":8}},"180":{"start":{"line":415,"column":7},"end":{"line":425,"column":8}},"181":{"start":{"line":417,"column":9},"end":{"line":417,"column":173}},"182":{"start":{"line":419,"column":9},"end":{"line":419,"column":42}},"183":{"start":{"line":421,"column":5},"end":{"line":421,"column":30}},"184":{"start":{"line":423,"column":9},"end":{"line":423,"column":59}},"185":{"start":{"line":424,"column":5},"end":{"line":424,"column":26}},"186":{"start":{"line":446,"column":4},"end":{"line":446,"column":45}},"187":{"start":{"line":461,"column":4},"end":{"line":461,"column":45}},"188":{"start":{"line":476,"column":4},"end":{"line":476,"column":46}},"189":{"start":{"line":0,"column":0},"end":{"line":0,"column":0},"skip":true},"190":{"start":{"line":494,"column":2},"end":{"line":501,"column":5}},"191":{"start":{"line":495,"column":3},"end":{"line":500,"column":8}},"192":{"start":{"line":496,"column":7},"end":{"line":496,"column":34}},"193":{"start":{"line":498,"column":7},"end":{"line":498,"column":130}},"194":{"start":{"line":499,"column":4},"end":{"line":499,"column":16}},"195":{"start":{"line":517,"column":4},"end":{"line":527,"column":5}},"196":{"start":{"line":518,"column":6},"end":{"line":524,"column":9}},"197":{"start":{"line":519,"column":8},"end":{"line":519,"column":68}},"198":{"start":{"line":520,"column":4},"end":{"line":520,"column":48}},"199":{"start":{"line":522,"column":8},"end":{"line":522,"column":61}},"200":{"start":{"line":523,"column":4},"end":{"line":523,"column":31}},"201":{"start":{"line":526,"column":3},"end":{"line":526,"column":73}},"202":{"start":{"line":0,"column":0},"end":{"line":0,"column":0},"skip":true},"203":{"start":{"line":545,"column":4},"end":{"line":545,"column":105}},"204":{"start":{"line":546,"column":4},"end":{"line":546,"column":53}},"205":{"start":{"line":547,"column":4},"end":{"line":547,"column":58}},"206":{"start":{"line":548,"column":4},"end":{"line":548,"column":49}},"207":{"start":{"line":549,"column":4},"end":{"line":549,"column":53}},"208":{"start":{"line":550,"column":4},"end":{"line":550,"column":78}},"209":{"start":{"line":551,"column":4},"end":{"line":551,"column":55}},"210":{"start":{"line":552,"column":4},"end":{"line":579,"column":7}},"211":{"start":{"line":553,"column":6},"end":{"line":578,"column":7}},"212":{"start":{"line":555,"column":8},"end":{"line":555,"column":54}},"213":{"start":{"line":557,"column":8},"end":{"line":557,"column":91}},"214":{"start":{"line":558,"column":8},"end":{"line":558,"column":46}},"215":{"start":{"line":559,"column":8},"end":{"line":559,"column":68}},"216":{"start":{"line":562,"column":8},"end":{"line":562,"column":78}},"217":{"start":{"line":564,"column":8},"end":{"line":564,"column":44}},"218":{"start":{"line":566,"column":8},"end":{"line":566,"column":28}},"219":{"start":{"line":567,"column":8},"end":{"line":567,"column":42}},"220":{"start":{"line":571,"column":8},"end":{"line":577,"column":11}},"221":{"start":{"line":572,"column":10},"end":{"line":576,"column":11}},"222":{"start":{"line":573,"column":12},"end":{"line":573,"column":57}},"223":{"start":{"line":574,"column":12},"end":{"line":574,"column":33}},"224":{"start":{"line":575,"column":12},"end":{"line":575,"column":31}},"225":{"start":{"line":591,"column":4},"end":{"line":591,"column":23}},"226":{"start":{"line":592,"column":4},"end":{"line":592,"column":53}},"227":{"start":{"line":593,"column":4},"end":{"line":596,"column":5}},"228":{"start":{"line":595,"column":6},"end":{"line":595,"column":37}},"229":{"start":{"line":597,"column":4},"end":{"line":597,"column":15}},"230":{"start":{"line":24,"column":2},"end":{"line":24,"column":28}},"231":{"start":{"line":27,"column":2},"end":{"line":27,"column":27}},"232":{"start":{"line":0,"column":0},"end":{"line":0,"column":0},"skip":true},"233":{"start":{"line":0,"column":0},"end":{"line":0,"column":0},"skip":true},"234":{"start":{"line":607,"column":1},"end":{"line":610,"column":2}},"235":{"start":{"line":609,"column":2},"end":{"line":609,"column":80}},"236":{"start":{"line":625,"column":1},"end":{"line":644,"column":2}},"237":{"start":{"line":626,"column":2},"end":{"line":626,"column":58}},"238":{"start":{"line":659,"column":1},"end":{"line":700,"column":2}},"239":{"start":{"line":660,"column":2},"end":{"line":660,"column":54}},"240":{"start":{"line":661,"column":2},"end":{"line":661,"column":55}},"241":{"start":{"line":662,"column":2},"end":{"line":662,"column":56}},"242":{"start":{"line":663,"column":2},"end":{"line":668,"column":3}},"243":{"start":{"line":664,"column":3},"end":{"line":664,"column":43}},"244":{"start":{"line":666,"column":3},"end":{"line":666,"column":61}},"245":{"start":{"line":667,"column":3},"end":{"line":667,"column":31}},"246":{"start":{"line":670,"column":2},"end":{"line":699,"column":5}},"247":{"start":{"line":671,"column":3},"end":{"line":695,"column":4}},"248":{"start":{"line":673,"column":4},"end":{"line":689,"column":7}},"249":{"start":{"line":674,"column":5},"end":{"line":688,"column":6}},"250":{"start":{"line":675,"column":6},"end":{"line":675,"column":57}},"251":{"start":{"line":677,"column":6},"end":{"line":684,"column":9}},"252":{"start":{"line":678,"column":7},"end":{"line":683,"column":8}},"253":{"start":{"line":679,"column":8},"end":{"line":679,"column":65}},"254":{"start":{"line":680,"column":8},"end":{"line":680,"column":47}},"255":{"start":{"line":682,"column":8},"end":{"line":682,"column":72}},"256":{"start":{"line":686,"column":6},"end":{"line":686,"column":67}},"257":{"start":{"line":687,"column":6},"end":{"line":687,"column":44}},"258":{"start":{"line":693,"column":4},"end":{"line":693,"column":151}},"259":{"start":{"line":694,"column":4},"end":{"line":694,"column":33}},"260":{"start":{"line":698,"column":3},"end":{"line":698,"column":30}},"261":{"start":{"line":0,"column":0},"end":{"line":0,"column":0},"skip":true}},"branchMap":{"1":{"line":5,"type":"binary-expr","locations":[{"start":{"line":0,"column":0},"end":{"line":0,"column":0},"skip":true},{"start":{"line":0,"column":0},"end":{"line":0,"column":0},"skip":true}]},"2":{"line":5,"type":"if","locations":[{"start":{"line":0,"column":0},"end":{"line":0,"column":0},"skip":true},{"start":{"line":0,"column":0},"end":{"line":0,"column":0},"skip":true}]},"3":{"line":5,"type":"if","locations":[{"start":{"line":0,"column":0},"end":{"line":0,"column":0},"skip":true},{"start":{"line":0,"column":0},"end":{"line":0,"column":0},"skip":true}]},"4":{"line":5,"type":"if","locations":[{"start":{"line":0,"column":0},"end":{"line":0,"column":0},"skip":true},{"start":{"line":0,"column":0},"end":{"line":0,"column":0},"skip":true}]},"5":{"line":7,"type":"cond-expr","locations":[{"start":{"line":0,"column":0},"end":{"line":0,"column":0},"skip":true},{"start":{"line":0,"column":0},"end":{"line":0,"column":0},"skip":true}]},"6":{"line":7,"type":"binary-expr","locations":[{"start":{"line":0,"column":0},"end":{"line":0,"column":0},"skip":true},{"start":{"line":0,"column":0},"end":{"line":0,"column":0},"skip":true}]},"7":{"line":9,"type":"if","locations":[{"start":{"line":0,"column":0},"end":{"line":0,"column":0},"skip":true},{"start":{"line":0,"column":0},"end":{"line":0,"column":0},"skip":true}]},"8":{"line":35,"type":"if","locations":[{"start":{"line":11,"column":2},"end":{"line":11,"column":2}},{"start":{"line":11,"column":2},"end":{"line":11,"column":2}}]},"9":{"line":43,"type":"if","locations":[{"start":{"line":19,"column":2},"end":{"line":19,"column":2}},{"start":{"line":19,"column":2},"end":{"line":19,"column":2}}]},"10":{"line":77,"type":"if","locations":[{"start":{"line":53,"column":4},"end":{"line":53,"column":4}},{"start":{"line":53,"column":4},"end":{"line":53,"column":4}}]},"11":{"line":83,"type":"if","locations":[{"start":{"line":59,"column":7},"end":{"line":59,"column":7}},{"start":{"line":59,"column":7},"end":{"line":59,"column":7}}]},"12":{"line":112,"type":"if","locations":[{"start":{"line":83,"column":2},"end":{"line":83,"column":2}},{"start":{"line":83,"column":2},"end":{"line":83,"column":2}}]},"13":{"line":115,"type":"if","locations":[{"start":{"line":86,"column":4},"end":{"line":86,"column":4}},{"start":{"line":86,"column":4},"end":{"line":86,"column":4}}]},"14":{"line":287,"type":"if","locations":[{"start":{"line":229,"column":9},"end":{"line":229,"column":9}},{"start":{"line":229,"column":9},"end":{"line":229,"column":9}}]},"15":{"line":287,"type":"binary-expr","locations":[{"start":{"line":229,"column":13},"end":{"line":229,"column":44}},{"start":{"line":229,"column":48},"end":{"line":229,"column":79}}]},"16":{"line":333,"type":"if","locations":[{"start":{"line":270,"column":6},"end":{"line":270,"column":6}},{"start":{"line":270,"column":6},"end":{"line":270,"column":6}}]},"17":{"line":363,"type":"if","locations":[{"start":{"line":295,"column":4},"end":{"line":295,"column":4}},{"start":{"line":295,"column":4},"end":{"line":295,"column":4}}]},"18":{"line":363,"type":"binary-expr","locations":[{"start":{"line":295,"column":8},"end":{"line":295,"column":38}},{"start":{"line":295,"column":42},"end":{"line":295,"column":76}}]},"19":{"line":365,"type":"if","locations":[{"start":{"line":297,"column":6},"end":{"line":297,"column":6}},{"start":{"line":297,"column":6},"end":{"line":297,"column":6}}]},"20":{"line":365,"type":"binary-expr","locations":[{"start":{"line":297,"column":10},"end":{"line":297,"column":48}},{"start":{"line":297,"column":52},"end":{"line":297,"column":83}}]},"21":{"line":371,"type":"if","locations":[{"start":{"line":303,"column":9},"end":{"line":303,"column":9}},{"start":{"line":303,"column":9},"end":{"line":303,"column":9}}]},"22":{"line":393,"type":"if","locations":[{"start":{"line":325,"column":11},"end":{"line":325,"column":11}},{"start":{"line":325,"column":11},"end":{"line":325,"column":11}}]},"23":{"line":393,"type":"binary-expr","locations":[{"start":{"line":325,"column":15},"end":{"line":325,"column":48}},{"start":{"line":325,"column":52},"end":{"line":325,"column":81}}]},"24":{"line":401,"type":"if","locations":[{"start":{"line":333,"column":12},"end":{"line":333,"column":12}},{"start":{"line":333,"column":12},"end":{"line":333,"column":12}}]},"25":{"line":415,"type":"if","locations":[{"start":{"line":347,"column":11},"end":{"line":347,"column":11}},{"start":{"line":347,"column":11},"end":{"line":347,"column":11}}]},"26":{"line":415,"type":"binary-expr","locations":[{"start":{"line":347,"column":15},"end":{"line":347,"column":44}},{"start":{"line":347,"column":48},"end":{"line":347,"column":81}}]},"27":{"line":418,"type":"cond-expr","locations":[{"start":{"line":349,"column":51},"end":{"line":349,"column":61}},{"start":{"line":349,"column":64},"end":{"line":349,"column":79}}]},"28":{"line":423,"type":"if","locations":[{"start":{"line":353,"column":5},"end":{"line":353,"column":5}},{"start":{"line":353,"column":5},"end":{"line":353,"column":5}}]},"29":{"line":438,"type":"if","locations":[{"start":{"line":0,"column":0},"end":{"line":0,"column":0},"skip":true},{"start":{"line":0,"column":0},"end":{"line":0,"column":0},"skip":true}]},"30":{"line":462,"type":"if","locations":[{"start":{"line":384,"column":7},"end":{"line":384,"column":7}},{"start":{"line":384,"column":7},"end":{"line":384,"column":7}}]},"31":{"line":498,"type":"if","locations":[{"start":{"line":415,"column":7},"end":{"line":415,"column":7}},{"start":{"line":415,"column":7},"end":{"line":415,"column":7}}]},"32":{"line":615,"type":"if","locations":[{"start":{"line":517,"column":4},"end":{"line":517,"column":4}},{"start":{"line":517,"column":4},"end":{"line":517,"column":4}}]},"33":{"line":615,"type":"binary-expr","locations":[{"start":{"line":517,"column":8},"end":{"line":517,"column":13}},{"start":{"line":517,"column":17},"end":{"line":517,"column":41}}]},"34":{"line":656,"type":"if","locations":[{"start":{"line":553,"column":6},"end":{"line":553,"column":6}},{"start":{"line":553,"column":6},"end":{"line":553,"column":6}}]},"35":{"line":675,"type":"if","locations":[{"start":{"line":572,"column":10},"end":{"line":572,"column":10}},{"start":{"line":572,"column":10},"end":{"line":572,"column":10}}]},"36":{"line":699,"type":"if","locations":[{"start":{"line":593,"column":4},"end":{"line":593,"column":4}},{"start":{"line":593,"column":4},"end":{"line":593,"column":4}}]},"37":{"line":713,"type":"binary-expr","locations":[{"start":{"line":27,"column":9},"end":{"line":27,"column":18}},{"start":{"line":27,"column":22},"end":{"line":27,"column":26}}]},"38":{"line":785,"type":"if","locations":[{"start":{"line":663,"column":2},"end":{"line":663,"column":2}},{"start":{"line":663,"column":2},"end":{"line":663,"column":2}}]},"39":{"line":793,"type":"if","locations":[{"start":{"line":671,"column":3},"end":{"line":671,"column":3}},{"start":{"line":671,"column":3},"end":{"line":671,"column":3}}]},"40":{"line":796,"type":"if","locations":[{"start":{"line":674,"column":5},"end":{"line":674,"column":5}},{"start":{"line":674,"column":5},"end":{"line":674,"column":5}}]},"41":{"line":796,"type":"binary-expr","locations":[{"start":{"line":674,"column":9},"end":{"line":674,"column":31}},{"start":{"line":674,"column":35},"end":{"line":674,"column":64}}]},"42":{"line":800,"type":"if","locations":[{"start":{"line":678,"column":7},"end":{"line":678,"column":7}},{"start":{"line":678,"column":7},"end":{"line":678,"column":7}}]}},"l":{"0":23,"10":1,"11":1,"12":0,"13":0,"15":1,"16":1,"17":1,"19":1,"20":0,"24":1,"27":0,"52":0,"53":0,"54":0,"56":0,"57":0,"58":0,"59":0,"60":0,"62":0,"83":0,"84":0,"86":0,"87":0,"88":0,"89":0,"90":0,"92":0,"96":0,"97":0,"98":0,"117":0,"118":0,"119":0,"121":0,"135":0,"136":0,"137":0,"139":0,"140":0,"155":0,"156":0,"157":0,"158":0,"160":0,"177":0,"178":0,"179":0,"180":0,"182":0,"183":0,"203":0,"204":0,"205":0,"207":0,"208":0,"223":0,"224":0,"225":0,"226":0,"227":0,"228":0,"229":0,"232":0,"233":0,"234":0,"236":0,"237":0,"238":0,"241":0,"242":0,"243":0,"244":0,"246":0,"252":0,"253":0,"254":0,"255":0,"256":0,"258":0,"259":0,"261":0,"267":0,"268":0,"269":0,"270":0,"271":0,"272":0,"274":0,"277":0,"295":0,"297":0,"298":0,"301":0,"302":0,"303":0,"304":0,"306":0,"308":0,"309":0,"312":0,"316":0,"320":0,"321":0,"325":0,"329":0,"330":0,"331":0,"332":0,"333":0,"334":0,"336":0,"337":0,"340":0,"345":0,"347":0,"349":0,"351":0,"352":0,"353":0,"354":0,"357":0,"358":0,"361":0,"382":0,"383":0,"384":0,"386":0,"388":0,"390":0,"392":0,"393":0,"413":0,"414":0,"415":0,"417":0,"419":0,"421":0,"423":0,"424":0,"446":0,"461":0,"476":0,"494":1,"495":1,"496":0,"498":0,"499":0,"517":0,"518":0,"519":0,"520":0,"522":0,"523":0,"526":0,"545":0,"546":0,"547":0,"548":0,"549":0,"550":0,"551":0,"552":0,"553":0,"555":0,"557":0,"558":0,"559":0,"562":0,"564":0,"566":0,"567":0,"571":0,"572":0,"573":0,"574":0,"575":0,"591":0,"592":0,"593":0,"595":0,"597":0,"607":1,"609":1,"625":1,"626":0,"659":1,"660":0,"661":0,"662":0,"663":0,"664":0,"666":0,"667":0,"670":0,"671":0,"673":0,"674":0,"675":0,"677":0,"678":0,"679":0,"680":0,"682":0,"686":0,"687":0,"693":0,"694":0,"698":0}},
"/Users/scott.prue/Dev/Code/FireAdmin/src/config.js":{"path":"/Users/scott.prue/Dev/Code/FireAdmin/src/config.js","s":{"1":1,"2":1,"3":1,"4":1},"b":{},"f":{},"fnMap":{},"statementMap":{"1":{"start":{"line":0,"column":0},"end":{"line":0,"column":0},"skip":true},"2":{"start":{"line":1,"column":-15},"end":{"line":2,"column":2}},"3":{"start":{"line":0,"column":0},"end":{"line":0,"column":0},"skip":true},"4":{"start":{"line":0,"column":0},"end":{"line":0,"column":0},"skip":true}},"branchMap":{},"l":{"0":1,"1":1}},
"/Users/scott.prue/Dev/Code/FireAdmin/src/utils/logger.js":{"path":"/Users/scott.prue/Dev/Code/FireAdmin/src/utils/logger.js","s":{"1":1,"2":1,"3":2,"4":1,"5":1,"6":1,"7":1,"8":1,"9":1,"10":0,"11":1,"12":0,"13":0,"14":0,"15":0,"16":0,"17":0,"18":0,"19":0,"20":0,"21":0,"22":0,"23":0,"24":0,"25":0,"26":0,"27":0,"28":0,"29":0,"30":0,"31":1,"32":1,"33":0,"34":0,"35":0,"36":1,"37":0,"38":0,"39":0,"40":0,"41":0,"42":0,"43":0,"44":0,"45":0,"46":0,"47":0,"48":0,"49":0,"50":0,"51":0,"52":0,"53":0,"54":0,"55":0,"56":0,"57":0,"58":0,"59":1},"b":{"1":[0,2],"2":[2,2],"3":[0,1],"4":[0,0],"5":[0,0],"6":[0,0],"7":[0,0],"8":[0,0],"9":[0,0],"10":[0,0],"11":[0,0],"12":[0,0],"13":[0,0],"14":[0,0],"15":[0,0],"16":[0,0],"17":[0,0],"18":[0,0],"19":[0,0],"20":[0,0],"21":[0,0]},"f":{"1":2,"2":0,"3":0,"4":0,"5":0,"6":0,"7":0,"8":0,"9":0},"fnMap":{"1":{"name":"_interopRequireDefault","line":5,"loc":{"start":{"line":0,"column":0},"end":{"line":0,"column":0}},"skip":true},"2":{"name":"log","line":23,"loc":{"start":{"line":12,"column":4},"end":{"line":12,"column":14}}},"3":{"name":"info","line":31,"loc":{"start":{"line":20,"column":5},"end":{"line":20,"column":15}}},"4":{"name":"warn","line":39,"loc":{"start":{"line":28,"column":5},"end":{"line":28,"column":15}}},"5":{"name":"debug","line":47,"loc":{"start":{"line":36,"column":6},"end":{"line":36,"column":16}}},"6":{"name":"error","line":56,"loc":{"start":{"line":45,"column":6},"end":{"line":45,"column":16}}},"7":{"name":"runConsoleMethod","line":69,"loc":{"start":{"line":57,"column":0},"end":{"line":57,"column":50}}},"8":{"name":"buildMessageArgs","line":77,"loc":{"start":{"line":65,"column":0},"end":{"line":65,"column":35}}},"9":{"name":"(anonymous_9)","line":96,"loc":{"start":{"line":84,"column":34},"end":{"line":84,"column":54}}}},"statementMap":{"1":{"start":{"line":0,"column":0},"end":{"line":0,"column":0},"skip":true},"2":{"start":{"line":0,"column":0},"end":{"line":0,"column":0},"skip":true},"3":{"start":{"line":0,"column":0},"end":{"line":0,"column":0},"skip":true},"4":{"start":{"line":0,"column":0},"end":{"line":0,"column":0},"skip":true},"5":{"start":{"line":0,"column":0},"end":{"line":0,"column":0},"skip":true},"6":{"start":{"line":0,"column":0},"end":{"line":0,"column":0},"skip":true},"7":{"start":{"line":0,"column":0},"end":{"line":0,"column":0},"skip":true},"8":{"start":{"line":5,"column":0},"end":{"line":5,"column":23}},"9":{"start":{"line":7,"column":0},"end":{"line":9,"column":1}},"10":{"start":{"line":8,"column":1},"end":{"line":8,"column":28}},"11":{"start":{"line":11,"column":0},"end":{"line":54,"column":2}},"12":{"start":{"line":13,"column":2},"end":{"line":13,"column":42}},"13":{"start":{"line":14,"column":2},"end":{"line":18,"column":3}},"14":{"start":{"line":15,"column":3},"end":{"line":15,"column":36}},"15":{"start":{"line":17,"column":3},"end":{"line":17,"column":36}},"16":{"start":{"line":21,"column":2},"end":{"line":21,"column":42}},"17":{"start":{"line":22,"column":2},"end":{"line":26,"column":3}},"18":{"start":{"line":23,"column":3},"end":{"line":23,"column":37}},"19":{"start":{"line":25,"column":3},"end":{"line":25,"column":37}},"20":{"start":{"line":29,"column":2},"end":{"line":29,"column":42}},"21":{"start":{"line":30,"column":2},"end":{"line":34,"column":3}},"22":{"start":{"line":31,"column":3},"end":{"line":31,"column":37}},"23":{"start":{"line":33,"column":3},"end":{"line":33,"column":37}},"24":{"start":{"line":37,"column":2},"end":{"line":37,"column":42}},"25":{"start":{"line":38,"column":2},"end":{"line":43,"column":3}},"26":{"start":{"line":42,"column":3},"end":{"line":42,"column":38}},"27":{"start":{"line":46,"column":2},"end":{"line":46,"column":42}},"28":{"start":{"line":47,"column":2},"end":{"line":52,"column":3}},"29":{"start":{"line":49,"column":3},"end":{"line":49,"column":38}},"30":{"start":{"line":51,"column":3},"end":{"line":51,"column":38}},"31":{"start":{"line":0,"column":0},"end":{"line":0,"column":0},"skip":true},"32":{"start":{"line":57,"column":0},"end":{"line":64,"column":1}},"33":{"start":{"line":59,"column":1},"end":{"line":63,"column":2}},"34":{"start":{"line":60,"column":2},"end":{"line":60,"column":56}},"35":{"start":{"line":62,"column":2},"end":{"line":62,"column":48}},"36":{"start":{"line":65,"column":0},"end":{"line":105,"column":1}},"37":{"start":{"line":66,"column":1},"end":{"line":66,"column":17}},"38":{"start":{"line":67,"column":1},"end":{"line":67,"column":17}},"39":{"start":{"line":70,"column":1},"end":{"line":101,"column":2}},"40":{"start":{"line":71,"column":2},"end":{"line":82,"column":3}},"41":{"start":{"line":72,"column":3},"end":{"line":81,"column":4}},"42":{"start":{"line":73,"column":4},"end":{"line":80,"column":5}},"43":{"start":{"line":75,"column":5},"end":{"line":75,"column":55}},"44":{"start":{"line":76,"column":11},"end":{"line":80,"column":5}},"45":{"start":{"line":77,"column":5},"end":{"line":77,"column":58}},"46":{"start":{"line":79,"column":5},"end":{"line":79,"column":40}},"47":{"start":{"line":84,"column":2},"end":{"line":97,"column":5}},"48":{"start":{"line":85,"column":3},"end":{"line":96,"column":4}},"49":{"start":{"line":86,"column":4},"end":{"line":95,"column":5}},"50":{"start":{"line":87,"column":5},"end":{"line":87,"column":28}},"51":{"start":{"line":88,"column":11},"end":{"line":95,"column":5}},"52":{"start":{"line":90,"column":5},"end":{"line":90,"column":32}},"53":{"start":{"line":94,"column":5},"end":{"line":94,"column":32}},"54":{"start":{"line":98,"column":2},"end":{"line":98,"column":17}},"55":{"start":{"line":99,"column":8},"end":{"line":101,"column":2}},"56":{"start":{"line":100,"column":2},"end":{"line":100,"column":19}},"57":{"start":{"line":102,"column":1},"end":{"line":102,"column":28}},"58":{"start":{"line":104,"column":1},"end":{"line":104,"column":12}},"59":{"start":{"line":0,"column":0},"end":{"line":0,"column":0},"skip":true}},"branchMap":{"1":{"line":5,"type":"cond-expr","locations":[{"start":{"line":0,"column":0},"end":{"line":0,"column":0},"skip":true},{"start":{"line":0,"column":0},"end":{"line":0,"column":0},"skip":true}]},"2":{"line":5,"type":"binary-expr","locations":[{"start":{"line":0,"column":0},"end":{"line":0,"column":0},"skip":true},{"start":{"line":0,"column":0},"end":{"line":0,"column":0},"skip":true}]},"3":{"line":18,"type":"if","locations":[{"start":{"line":7,"column":0},"end":{"line":7,"column":0}},{"start":{"line":7,"column":0},"end":{"line":7,"column":0}}]},"4":{"line":25,"type":"if","locations":[{"start":{"line":14,"column":2},"end":{"line":14,"column":2}},{"start":{"line":14,"column":2},"end":{"line":14,"column":2}}]},"5":{"line":33,"type":"if","locations":[{"start":{"line":22,"column":2},"end":{"line":22,"column":2}},{"start":{"line":22,"column":2},"end":{"line":22,"column":2}}]},"6":{"line":41,"type":"if","locations":[{"start":{"line":30,"column":2},"end":{"line":30,"column":2}},{"start":{"line":30,"column":2},"end":{"line":30,"column":2}}]},"7":{"line":49,"type":"if","locations":[{"start":{"line":38,"column":2},"end":{"line":38,"column":2}},{"start":{"line":38,"column":2},"end":{"line":38,"column":2}}]},"8":{"line":58,"type":"if","locations":[{"start":{"line":47,"column":2},"end":{"line":47,"column":2}},{"start":{"line":47,"column":2},"end":{"line":47,"column":2}}]},"9":{"line":71,"type":"if","locations":[{"start":{"line":59,"column":1},"end":{"line":59,"column":1}},{"start":{"line":59,"column":1},"end":{"line":59,"column":1}}]},"10":{"line":71,"type":"binary-expr","locations":[{"start":{"line":59,"column":5},"end":{"line":59,"column":15}},{"start":{"line":59,"column":19},"end":{"line":59,"column":38}}]},"11":{"line":82,"type":"if","locations":[{"start":{"line":70,"column":1},"end":{"line":70,"column":1}},{"start":{"line":70,"column":1},"end":{"line":70,"column":1}}]},"12":{"line":83,"type":"if","locations":[{"start":{"line":71,"column":2},"end":{"line":71,"column":2}},{"start":{"line":71,"column":2},"end":{"line":71,"column":2}}]},"13":{"line":84,"type":"if","locations":[{"start":{"line":72,"column":3},"end":{"line":72,"column":3}},{"start":{"line":72,"column":3},"end":{"line":72,"column":3}}]},"14":{"line":85,"type":"if","locations":[{"start":{"line":73,"column":4},"end":{"line":73,"column":4}},{"start":{"line":73,"column":4},"end":{"line":73,"column":4}}]},"15":{"line":88,"type":"if","locations":[{"start":{"line":76,"column":11},"end":{"line":76,"column":11}},{"start":{"line":76,"column":11},"end":{"line":76,"column":11}}]},"16":{"line":97,"type":"if","locations":[{"start":{"line":85,"column":3},"end":{"line":85,"column":3}},{"start":{"line":85,"column":3},"end":{"line":85,"column":3}}]},"17":{"line":97,"type":"binary-expr","locations":[{"start":{"line":85,"column":7},"end":{"line":85,"column":20}},{"start":{"line":85,"column":24},"end":{"line":85,"column":36}}]},"18":{"line":98,"type":"if","locations":[{"start":{"line":86,"column":4},"end":{"line":86,"column":4}},{"start":{"line":86,"column":4},"end":{"line":86,"column":4}}]},"19":{"line":98,"type":"binary-expr","locations":[{"start":{"line":86,"column":8},"end":{"line":86,"column":28}},{"start":{"line":86,"column":32},"end":{"line":86,"column":48}}]},"20":{"line":100,"type":"if","locations":[{"start":{"line":88,"column":11},"end":{"line":88,"column":11}},{"start":{"line":88,"column":11},"end":{"line":88,"column":11}}]},"21":{"line":111,"type":"if","locations":[{"start":{"line":99,"column":8},"end":{"line":99,"column":8}},{"start":{"line":99,"column":8},"end":{"line":99,"column":8}}]}},"l":{"0":2,"5":1,"7":1,"8":0,"11":1,"13":0,"14":0,"15":0,"17":0,"21":0,"22":0,"23":0,"25":0,"29":0,"30":0,"31":0,"33":0,"37":0,"38":0,"42":0,"46":0,"47":0,"49":0,"51":0,"57":1,"59":0,"60":0,"62":0,"65":1,"66":0,"67":0,"70":0,"71":0,"72":0,"73":0,"75":0,"76":0,"77":0,"79":0,"84":0,"85":0,"86":0,"87":0,"88":0,"90":0,"94":0,"98":0,"99":0,"100":0,"102":0,"104":0}}}
