TN:
SF:/Users/scott.prue/Dev/Code/FireAdmin/src/fireadmin.js
FN:5,(anonymous_1)
FN:5,defineProperties
FN:5,(anonymous_3)
FN:7,_interopRequireDefault
FN:9,_classCallCheck
FN:27,(anonymous_6)
FN:32,Fireadmin
FN:73,createObject
FN:81,(anonymous_9)
FN:82,(anonymous_10)
FN:109,listByCurrentUser
FN:116,(anonymous_12)
FN:118,(anonymous_13)
FN:120,(anonymous_14)
FN:148,listByUid
FN:151,(anonymous_16)
FN:152,(anonymous_17)
FN:154,(anonymous_18)
FN:171,getUserCount
FN:174,(anonymous_20)
FN:175,(anonymous_21)
FN:177,(anonymous_22)
FN:196,getOnlineUserCount
FN:199,(anonymous_24)
FN:200,(anonymous_25)
FN:203,(anonymous_26)
FN:223,sessionsBetween
FN:227,(anonymous_28)
FN:228,(anonymous_29)
FN:230,(anonymous_30)
FN:253,sessionsSince
FN:256,(anonymous_32)
FN:257,(anonymous_33)
FN:259,(anonymous_34)
FN:278,averageSessionLength
FN:281,(anonymous_36)
FN:282,(anonymous_37)
FN:285,(anonymous_38)
FN:303,(anonymous_39)
FN:310,removeUserSessions
FN:313,(anonymous_41)
FN:314,(anonymous_42)
FN:316,(anonymous_43)
FN:321,(anonymous_44)
FN:328,customAuthToken
FN:332,(anonymous_46)
FN:339,(anonymous_47)
FN:360,userSignup
FN:369,(anonymous_49)
FN:370,(anonymous_50)
FN:374,(anonymous_51)
FN:376,(anonymous_52)
FN:378,(anonymous_53)
FN:382,(anonymous_54)
FN:397,(anonymous_55)
FN:399,(anonymous_56)
FN:400,(anonymous_57)
FN:404,(anonymous_58)
FN:406,(anonymous_59)
FN:412,(anonymous_60)
FN:416,(anonymous_61)
FN:421,(anonymous_62)
FN:422,(anonymous_63)
FN:427,(anonymous_64)
FN:429,(anonymous_65)
FN:457,emailAuth
FN:460,(anonymous_67)
FN:461,(anonymous_68)
FN:492,authWithOAuthPopup
FN:496,(anonymous_70)
FN:497,(anonymous_71)
FN:514,newUserFromAnonyomous
FN:530,githubAuth
FN:548,googleAuth
FN:566,twitterAuth
FN:586,accountByUid
FN:589,(anonymous_77)
FN:590,(anonymous_78)
FN:592,(anonymous_79)
FN:614,accountByEmail
FN:616,(anonymous_81)
FN:619,(anonymous_82)
FN:645,setupPresence
FN:655,(anonymous_84)
FN:674,(anonymous_85)
FN:696,fbRef
FN:707,get
FN:712,get
FN:729,AppNameFromUrl
FN:747,apiRequest
FN:781,createUserProfile
FN:792,(anonymous_92)
FN:795,(anonymous_93)
FN:799,(anonymous_94)
FN:818,(anonymous_95)
FNF:95
FNH:12
FNDA:1,(anonymous_1)
FNDA:1,defineProperties
FNDA:1,(anonymous_3)
FNDA:4,_interopRequireDefault
FNDA:1,_classCallCheck
FNDA:1,(anonymous_6)
FNDA:1,Fireadmin
FNDA:0,createObject
FNDA:0,(anonymous_9)
FNDA:0,(anonymous_10)
FNDA:0,listByCurrentUser
FNDA:0,(anonymous_12)
FNDA:0,(anonymous_13)
FNDA:0,(anonymous_14)
FNDA:0,listByUid
FNDA:0,(anonymous_16)
FNDA:0,(anonymous_17)
FNDA:0,(anonymous_18)
FNDA:0,getUserCount
FNDA:0,(anonymous_20)
FNDA:0,(anonymous_21)
FNDA:0,(anonymous_22)
FNDA:0,getOnlineUserCount
FNDA:0,(anonymous_24)
FNDA:0,(anonymous_25)
FNDA:0,(anonymous_26)
FNDA:0,sessionsBetween
FNDA:0,(anonymous_28)
FNDA:0,(anonymous_29)
FNDA:0,(anonymous_30)
FNDA:0,sessionsSince
FNDA:0,(anonymous_32)
FNDA:0,(anonymous_33)
FNDA:0,(anonymous_34)
FNDA:0,averageSessionLength
FNDA:0,(anonymous_36)
FNDA:0,(anonymous_37)
FNDA:0,(anonymous_38)
FNDA:0,(anonymous_39)
FNDA:0,removeUserSessions
FNDA:0,(anonymous_41)
FNDA:0,(anonymous_42)
FNDA:0,(anonymous_43)
FNDA:0,(anonymous_44)
FNDA:0,customAuthToken
FNDA:0,(anonymous_46)
FNDA:0,(anonymous_47)
FNDA:0,userSignup
FNDA:0,(anonymous_49)
FNDA:0,(anonymous_50)
FNDA:0,(anonymous_51)
FNDA:0,(anonymous_52)
FNDA:0,(anonymous_53)
FNDA:0,(anonymous_54)
FNDA:0,(anonymous_55)
FNDA:0,(anonymous_56)
FNDA:0,(anonymous_57)
FNDA:0,(anonymous_58)
FNDA:0,(anonymous_59)
FNDA:0,(anonymous_60)
FNDA:0,(anonymous_61)
FNDA:0,(anonymous_62)
FNDA:0,(anonymous_63)
FNDA:0,(anonymous_64)
FNDA:0,(anonymous_65)
FNDA:0,emailAuth
FNDA:0,(anonymous_67)
FNDA:0,(anonymous_68)
FNDA:0,authWithOAuthPopup
FNDA:0,(anonymous_70)
FNDA:0,(anonymous_71)
FNDA:0,newUserFromAnonyomous
FNDA:0,githubAuth
FNDA:0,googleAuth
FNDA:0,twitterAuth
FNDA:1,accountByUid
FNDA:1,(anonymous_77)
FNDA:0,(anonymous_78)
FNDA:0,(anonymous_79)
FNDA:0,accountByEmail
FNDA:0,(anonymous_81)
FNDA:0,(anonymous_82)
FNDA:0,setupPresence
FNDA:0,(anonymous_84)
FNDA:0,(anonymous_85)
FNDA:0,fbRef
FNDA:1,get
FNDA:0,get
FNDA:1,AppNameFromUrl
FNDA:0,apiRequest
FNDA:0,createUserProfile
FNDA:0,(anonymous_92)
FNDA:0,(anonymous_93)
FNDA:0,(anonymous_94)
FNDA:0,(anonymous_95)
DA:0,23
DA:10,1
DA:11,1
DA:12,0
DA:13,0
DA:15,1
DA:16,1
DA:17,1
DA:19,1
DA:20,0
DA:24,1
DA:27,0
DA:52,0
DA:53,0
DA:54,0
DA:56,0
DA:57,0
DA:58,0
DA:59,0
DA:60,0
DA:62,0
DA:83,0
DA:84,0
DA:86,0
DA:87,0
DA:88,0
DA:89,0
DA:90,0
DA:92,0
DA:96,0
DA:97,0
DA:98,0
DA:117,0
DA:118,0
DA:119,0
DA:121,0
DA:135,0
DA:136,0
DA:137,0
DA:139,0
DA:140,0
DA:155,0
DA:156,0
DA:157,0
DA:158,0
DA:160,0
DA:177,0
DA:178,0
DA:179,0
DA:180,0
DA:182,0
DA:183,0
DA:203,0
DA:204,0
DA:205,0
DA:207,0
DA:208,0
DA:223,0
DA:224,0
DA:225,0
DA:226,0
DA:227,0
DA:228,0
DA:229,0
DA:232,0
DA:233,0
DA:234,0
DA:236,0
DA:237,0
DA:238,0
DA:241,0
DA:242,0
DA:243,0
DA:244,0
DA:246,0
DA:252,0
DA:253,0
DA:254,0
DA:255,0
DA:256,0
DA:258,0
DA:259,0
DA:261,0
DA:267,0
DA:268,0
DA:269,0
DA:270,0
DA:271,0
DA:272,0
DA:274,0
DA:277,0
DA:295,0
DA:297,0
DA:298,0
DA:301,0
DA:302,0
DA:303,0
DA:304,0
DA:306,0
DA:308,0
DA:309,0
DA:312,0
DA:316,0
DA:320,0
DA:321,0
DA:325,0
DA:329,0
DA:330,0
DA:331,0
DA:332,0
DA:333,0
DA:334,0
DA:336,0
DA:337,0
DA:340,0
DA:345,0
DA:347,0
DA:349,0
DA:351,0
DA:352,0
DA:353,0
DA:354,0
DA:357,0
DA:358,0
DA:361,0
DA:382,0
DA:383,0
DA:384,0
DA:386,0
DA:388,0
DA:390,0
DA:392,0
DA:393,0
DA:413,0
DA:414,0
DA:415,0
DA:417,0
DA:419,0
DA:421,0
DA:423,0
DA:424,0
DA:446,0
DA:461,0
DA:476,0
DA:494,1
DA:495,1
DA:496,0
DA:498,0
DA:499,0
DA:517,0
DA:518,0
DA:519,0
DA:520,0
DA:522,0
DA:523,0
DA:526,0
DA:545,0
DA:546,0
DA:547,0
DA:548,0
DA:549,0
DA:550,0
DA:551,0
DA:552,0
DA:553,0
DA:555,0
DA:557,0
DA:558,0
DA:559,0
DA:562,0
DA:564,0
DA:566,0
DA:567,0
DA:571,0
DA:572,0
DA:573,0
DA:574,0
DA:575,0
DA:591,0
DA:592,0
DA:593,0
DA:595,0
DA:597,0
DA:607,1
DA:609,1
DA:625,1
DA:626,0
DA:659,1
DA:660,0
DA:661,0
DA:662,0
DA:663,0
DA:664,0
DA:666,0
DA:667,0
DA:670,0
DA:671,0
DA:673,0
DA:674,0
DA:675,0
DA:677,0
DA:678,0
DA:679,0
DA:680,0
DA:682,0
DA:686,0
DA:687,0
DA:693,0
DA:694,0
DA:698,0
LF:210
LH:14
BRDA:5,1,0,23
BRDA:5,1,1,23
BRDA:5,2,0,21
BRDA:5,2,1,2
BRDA:5,3,0,1
BRDA:5,3,1,0
BRDA:5,4,0,0
BRDA:5,4,1,1
BRDA:7,5,0,0
BRDA:7,5,1,4
BRDA:7,6,0,4
BRDA:7,6,1,4
BRDA:9,7,0,0
BRDA:9,7,1,1
BRDA:35,8,0,0
BRDA:35,8,1,1
BRDA:43,9,0,0
BRDA:43,9,1,1
BRDA:77,10,0,0
BRDA:77,10,1,0
BRDA:83,11,0,0
BRDA:83,11,1,0
BRDA:112,12,0,0
BRDA:112,12,1,0
BRDA:115,13,0,0
BRDA:115,13,1,0
BRDA:287,14,0,0
BRDA:287,14,1,0
BRDA:287,15,0,0
BRDA:287,15,1,0
BRDA:333,16,0,0
BRDA:333,16,1,0
BRDA:363,17,0,0
BRDA:363,17,1,0
BRDA:363,18,0,0
BRDA:363,18,1,0
BRDA:365,19,0,0
BRDA:365,19,1,0
BRDA:365,20,0,0
BRDA:365,20,1,0
BRDA:371,21,0,0
BRDA:371,21,1,0
BRDA:393,22,0,0
BRDA:393,22,1,0
BRDA:393,23,0,0
BRDA:393,23,1,0
BRDA:401,24,0,0
BRDA:401,24,1,0
BRDA:415,25,0,0
BRDA:415,25,1,0
BRDA:415,26,0,0
BRDA:415,26,1,0
BRDA:418,27,0,0
BRDA:418,27,1,0
BRDA:423,28,0,0
BRDA:423,28,1,0
BRDA:438,29,0,0
BRDA:438,29,1,0
BRDA:462,30,0,0
BRDA:462,30,1,0
BRDA:498,31,0,0
BRDA:498,31,1,0
BRDA:615,32,0,0
BRDA:615,32,1,0
BRDA:615,33,0,0
BRDA:615,33,1,0
BRDA:656,34,0,0
BRDA:656,34,1,0
BRDA:675,35,0,0
BRDA:675,35,1,0
BRDA:699,36,0,0
BRDA:699,36,1,0
BRDA:713,37,0,0
BRDA:713,37,1,0
BRDA:785,38,0,0
BRDA:785,38,1,0
BRDA:793,39,0,0
BRDA:793,39,1,0
BRDA:796,40,0,0
BRDA:796,40,1,0
BRDA:796,41,0,0
BRDA:796,41,1,0
BRDA:800,42,0,0
BRDA:800,42,1,0
BRF:84
BRH:18
end_of_record
TN:
SF:/Users/scott.prue/Dev/Code/FireAdmin/src/config.js
FNF:0
FNH:0
DA:0,1
DA:1,1
LF:2
LH:2
BRF:0
BRH:0
end_of_record
TN:
SF:/Users/scott.prue/Dev/Code/FireAdmin/src/utils/logger.js
FN:5,_interopRequireDefault
FN:23,log
FN:31,info
FN:39,warn
FN:47,debug
FN:56,error
FN:69,runConsoleMethod
FN:77,buildMessageArgs
FN:96,(anonymous_9)
FNF:9
FNH:1
FNDA:2,_interopRequireDefault
FNDA:0,log
FNDA:0,info
FNDA:0,warn
FNDA:0,debug
FNDA:0,error
FNDA:0,runConsoleMethod
FNDA:0,buildMessageArgs
FNDA:0,(anonymous_9)
DA:0,2
DA:5,1
DA:7,1
DA:8,0
DA:11,1
DA:13,0
DA:14,0
DA:15,0
DA:17,0
DA:21,0
DA:22,0
DA:23,0
DA:25,0
DA:29,0
DA:30,0
DA:31,0
DA:33,0
DA:37,0
DA:38,0
DA:42,0
DA:46,0
DA:47,0
DA:49,0
DA:51,0
DA:57,1
DA:59,0
DA:60,0
DA:62,0
DA:65,1
DA:66,0
DA:67,0
DA:70,0
DA:71,0
DA:72,0
DA:73,0
DA:75,0
DA:76,0
DA:77,0
DA:79,0
DA:84,0
DA:85,0
DA:86,0
DA:87,0
DA:88,0
DA:90,0
DA:94,0
DA:98,0
DA:99,0
DA:100,0
DA:102,0
DA:104,0
LF:51
LH:6
BRDA:5,1,0,0
BRDA:5,1,1,2
BRDA:5,2,0,2
BRDA:5,2,1,2
BRDA:18,3,0,0
BRDA:18,3,1,1
BRDA:25,4,0,0
BRDA:25,4,1,0
BRDA:33,5,0,0
BRDA:33,5,1,0
BRDA:41,6,0,0
BRDA:41,6,1,0
BRDA:49,7,0,0
BRDA:49,7,1,0
BRDA:58,8,0,0
BRDA:58,8,1,0
BRDA:71,9,0,0
BRDA:71,9,1,0
BRDA:71,10,0,0
BRDA:71,10,1,0
BRDA:82,11,0,0
BRDA:82,11,1,0
BRDA:83,12,0,0
BRDA:83,12,1,0
BRDA:84,13,0,0
BRDA:84,13,1,0
BRDA:85,14,0,0
BRDA:85,14,1,0
BRDA:88,15,0,0
BRDA:88,15,1,0
BRDA:97,16,0,0
BRDA:97,16,1,0
BRDA:97,17,0,0
BRDA:97,17,1,0
BRDA:98,18,0,0
BRDA:98,18,1,0
BRDA:98,19,0,0
BRDA:98,19,1,0
BRDA:100,20,0,0
BRDA:100,20,1,0
BRDA:111,21,0,0
BRDA:111,21,1,0
BRF:42
BRH:5
end_of_record
